<?xml version="1.0" encoding="UTF-8"?>
<testng-results ignored="0" total="2" passed="2" failed="0" skipped="0">
  <reporter-output>
  </reporter-output>
  <suite started-at="2021-12-06T06:39:22 IST" name="Default suite" finished-at="2021-12-06T06:39:35 IST" duration-ms="12918">
    <groups>
    </groups>
    <test started-at="2021-12-06T06:39:22 IST" name="Default test" finished-at="2021-12-06T06:39:35 IST" duration-ms="12918">
      <class name="UserLoginTest">
        <test-method is-config="true" signature="initialisation()[pri:0, instance:UserLoginTest@5d7148e2]" started-at="2021-12-06T06:39:22 IST" name="initialisation" finished-at="2021-12-06T06:39:31 IST" duration-ms="8660" status="PASS">
          <reporter-output>
          </reporter-output>
        </test-method> <!-- initialisation -->
        <test-method signature="faceBookLogin()[pri:0, instance:UserLoginTest@5d7148e2]" started-at="2021-12-06T06:39:31 IST" name="faceBookLogin" finished-at="2021-12-06T06:39:35 IST" duration-ms="4170" status="PASS">
          <reporter-output>
          </reporter-output>
        </test-method> <!-- faceBookLogin -->
        <test-method signature="linkedInLogin()[pri:0, instance:UserLoginTest@5d7148e2]" started-at="2021-12-06T06:39:35 IST" name="linkedInLogin" finished-at="2021-12-06T06:39:35 IST" duration-ms="49" status="PASS">
          <reporter-output>
          </reporter-output>
        </test-method> <!-- linkedInLogin -->
      </class> <!-- UserLoginTest -->
    </test> <!-- Default test -->
  </suite> <!-- Default suite -->
</testng-results>
